<?xml version="1.0" encoding="UTF-8"?>
<!-- Generated by org.testng.reporters.JUnitReportReporter -->
<testsuite skipped="1" hostname="DESKTOP-QN1NF34" name="Testcases.TestCase1" tests="3" failures="0" timestamp="15 Jun 2020 09:58:01 GMT" time="0.052" errors="0">
  <testcase name="doLogin" time="0.041" classname="Testcases.TestCase1"/>
  <testcase name="doUserReg" time="0.003" classname="Testcases.TestCase1"/>
  <testcase name="isSkip" time="0.008" classname="Testcases.TestCase1">
    <skipped/>
  </testcase> <!-- isSkip -->
</testsuite> <!-- Testcases.TestCase1 -->
