<?xml version="1.0" encoding="UTF-8"?>
<!-- Generated by org.testng.reporters.JUnitReportReporter -->
<testsuite skipped="0" hostname="DESKTOP-QN1NF34" name="Testcases.TestParallelDataProvider" tests="2" failures="0" timestamp="13 Jul 2020 09:01:47 GMT" time="16.351" errors="0">
  <testcase name="launchBrowser" time="16.310" classname="Testcases.TestParallelDataProvider"/>
  <testcase name="launchBrowser" time="0.041" classname="Testcases.TestParallelDataProvider"/>
</testsuite> <!-- Testcases.TestParallelDataProvider -->
