<?xml version="1.0" encoding="UTF-8"?>
<!-- Generated by org.testng.reporters.JUnitReportReporter -->
<testsuite skipped="0" hostname="DESKTOP-QN1NF34" name="Testcases.TestParametersXML" tests="2" failures="0" timestamp="13 Jul 2020 08:23:00 GMT" time="18.863" errors="0">
  <testcase name="launchBrowser" time="0.044" classname="Testcases.TestParametersXML"/>
  <testcase name="launchBrowser" time="18.819" classname="Testcases.TestParametersXML"/>
</testsuite> <!-- Testcases.TestParametersXML -->
