<?xml version="1.0" encoding="UTF-8"?>
<!-- Generated by org.testng.reporters.JUnitReportReporter -->
<testsuite skipped="0" hostname="DESKTOP-QN1NF34" name="Testcases.TestParallelDataProviderThreadLocal" tests="2" failures="0" timestamp="13 Jul 2020 09:53:17 GMT" time="15.963" errors="0">
  <testcase name="launchBrowser" time="15.913" classname="Testcases.TestParallelDataProviderThreadLocal"/>
  <testcase name="launchBrowser" time="0.050" classname="Testcases.TestParallelDataProviderThreadLocal"/>
</testsuite> <!-- Testcases.TestParallelDataProviderThreadLocal -->
