<?xml version="1.0" encoding="UTF-8"?>
<!-- Generated by org.testng.reporters.JUnitReportReporter -->
<testsuite skipped="0" hostname="DESKTOP-QN1NF34" name="webdriverMaven.LoginTest" tests="1" failures="0" timestamp="2020-07-16T19:40:00 CEST" time="9.316" errors="0">
  <testcase name="doLogin" time="9.316" classname="webdriverMaven.LoginTest"/>
  <system-out/>
</testsuite> <!-- webdriverMaven.LoginTest -->
