<?xml version="1.0" encoding="UTF-8"?>
<!-- Generated by org.testng.reporters.JUnitReportReporter -->
<testsuite skipped="0" hostname="DESKTOP-QN1NF34" name="parallelTest.TestBrowser" tests="2" failures="0" timestamp="2020-06-10T09:09:40 CEST" time="4.113" errors="0">
  <testcase name="doLogin" time="2.056" classname="parallelTest.TestBrowser"/>
  <system-out/>
  <testcase name="doLogin" time="2.057" classname="parallelTest.TestBrowser"/>
  <system-out/>
</testsuite> <!-- parallelTest.TestBrowser -->
