<?xml version="1.0" encoding="UTF-8"?>
<!-- Generated by org.testng.reporters.JUnitReportReporter -->
<testsuite skipped="0" hostname="DESKTOP-QN1NF34" name="Parameterization.TestParametersfromXML" tests="2" failures="0" timestamp="2020-06-09T17:19:47 CEST" time="0.015" errors="0">
  <testcase name="getBrowser" time="0.012" classname="Parameterization.TestParametersfromXML"/>
  <system-out/>
  <testcase name="getBrowser" time="0.003" classname="Parameterization.TestParametersfromXML"/>
  <system-out/>
</testsuite> <!-- Parameterization.TestParametersfromXML -->
