<?xml version="1.0" encoding="UTF-8"?>
<!-- Generated by org.testng.reporters.JUnitReportReporter -->
<testsuite skipped="0" hostname="DESKTOP-QN1NF34" name="Parameterization.LoginTest" tests="4" failures="0" timestamp="2020-06-09T12:04:49 CEST" time="0.019" errors="0">
  <testcase name="testLogin" time="0.003" classname="Parameterization.LoginTest"/>
  <system-out/>
  <testcase name="testLogin" time="0.011" classname="Parameterization.LoginTest"/>
  <system-out/>
  <testcase name="testUserReg" time="0.003" classname="Parameterization.LoginTest"/>
  <system-out/>
  <testcase name="testUserReg" time="0.002" classname="Parameterization.LoginTest"/>
  <system-out/>
</testsuite> <!-- Parameterization.LoginTest -->
