<?xml version="1.0" encoding="UTF-8"?>
<!-- Generated by org.testng.reporters.JUnitReportReporter -->
<testsuite skipped="0" hostname="DESKTOP-QN1NF34" name="Parameterization.TestParameterization" tests="3" failures="0" timestamp="2020-06-06T11:10:08 CEST" time="0.023" errors="0">
  <testcase name="doLogin" time="0.003" classname="Parameterization.TestParameterization"/>
  <system-out/>
  <testcase name="doLogin" time="0.003" classname="Parameterization.TestParameterization"/>
  <system-out/>
  <testcase name="doLogin" time="0.017" classname="Parameterization.TestParameterization"/>
  <system-out/>
</testsuite> <!-- Parameterization.TestParameterization -->
