<?xml version="1.0" encoding="UTF-8"?>
<!-- Generated by org.testng.reporters.JUnitReportReporter -->
<testsuite skipped="1" hostname="DESKTOP-QN1NF34" name="TestCases.Testskip" tests="1" failures="0" timestamp="2020-06-04T13:40:25 CEST" time="0.013" errors="0">
  <testcase name="isSkip" time="0.013" classname="TestCases.Testskip">
    <skipped/>
  </testcase> <!-- isSkip -->
  <system-out/>
</testsuite> <!-- TestCases.Testskip -->
