<?xml version="1.0" encoding="UTF-8"?>
<!-- Generated by org.testng.reporters.JUnitReportReporter -->
<testsuite skipped="0" hostname="DESKTOP-QN1NF34" name="Parameterization.DataProviders" tests="2" failures="0" timestamp="2020-06-08T15:45:52 CEST" time="0.012" errors="0">
  <testcase name="testData" time="0.010" classname="Parameterization.DataProviders"/>
  <system-out/>
  <testcase name="testData" time="0.002" classname="Parameterization.DataProviders"/>
  <system-out/>
</testsuite> <!-- Parameterization.DataProviders -->
