<?xml version="1.0" encoding="UTF-8"?>
<!-- Generated by org.testng.reporters.JUnitReportReporter -->
<testsuite skipped="0" hostname="DESKTOP-QN1NF34" name="TestCases.TestCase1" tests="2" failures="0" timestamp="2020-06-05T10:26:44 CEST" time="0.014" errors="0">
  <testcase name="doUserregistration" time="0.010" classname="TestCases.TestCase1"/>
  <system-out/>
  <testcase name="doLogin" time="0.004" classname="TestCases.TestCase1"/>
  <system-out/>
</testsuite> <!-- TestCases.TestCase1 -->
