<?xml version="1.0" encoding="UTF-8"?>
<!-- Generated by org.testng.reporters.JUnitReportReporter -->
<testsuite skipped="0" hostname="DESKTOP-QN1NF34" name="Parameterization.estNGparameterizationExcel" tests="5" failures="0" timestamp="2020-06-06T13:50:47 CEST" time="0.027" errors="0">
  <testcase name="testData" time="0.005" classname="Parameterization.estNGparameterizationExcel"/>
  <system-out/>
  <testcase name="testData" time="0.003" classname="Parameterization.estNGparameterizationExcel"/>
  <system-out/>
  <testcase name="testData" time="0.002" classname="Parameterization.estNGparameterizationExcel"/>
  <system-out/>
  <testcase name="testData" time="0.010" classname="Parameterization.estNGparameterizationExcel"/>
  <system-out/>
  <testcase name="testData" time="0.007" classname="Parameterization.estNGparameterizationExcel"/>
  <system-out/>
</testsuite> <!-- Parameterization.estNGparameterizationExcel -->
