<?xml version="1.0" encoding="UTF-8"?>
<!-- Generated by org.testng.reporters.JUnitReportReporter -->
<testsuite skipped="0" hostname="DESKTOP-QN1NF34" name="parallelTest.TestInvocation" tests="5" failures="0" timestamp="2020-06-10T11:45:56 CEST" time="95.749" errors="0">
  <testcase name="executeTest" time="19.149" classname="parallelTest.TestInvocation"/>
  <system-out/>
  <testcase name="executeTest" time="19.150" classname="parallelTest.TestInvocation"/>
  <system-out/>
  <testcase name="executeTest" time="19.150" classname="parallelTest.TestInvocation"/>
  <system-out/>
  <testcase name="executeTest" time="19.150" classname="parallelTest.TestInvocation"/>
  <system-out/>
  <testcase name="executeTest" time="19.150" classname="parallelTest.TestInvocation"/>
  <system-out/>
</testsuite> <!-- parallelTest.TestInvocation -->
