<?xml version="1.0" encoding="UTF-8"?>
<!-- Generated by org.testng.reporters.JUnitReportReporter -->
<testsuite skipped="0" hostname="DESKTOP-QN1NF34" name="Regression.TestCase1" tests="2" failures="0" timestamp="2020-06-02T16:18:05 CEST" time="0.022" errors="0">
  <testcase name="doLogin" time="0.012" classname="Regression.TestCase1"/>
  <system-out/>
  <testcase name="doUserregistration" time="0.010" classname="Regression.TestCase1"/>
  <system-out/>
</testsuite> <!-- Regression.TestCase1 -->
