<?xml version="1.0" encoding="UTF-8"?>
<!-- Generated by org.testng.reporters.JUnitReportReporter -->
<testsuite skipped="0" hostname="DESKTOP-QN1NF34" name="parallelTest.TestParallelDP" tests="2" failures="0" timestamp="2020-06-10T09:49:57 CEST" time="4.078" errors="0">
  <testcase name="doLogin" time="2.039" classname="parallelTest.TestParallelDP"/>
  <system-out/>
  <testcase name="doLogin" time="2.039" classname="parallelTest.TestParallelDP"/>
  <system-out/>
</testsuite> <!-- parallelTest.TestParallelDP -->
